#
# A fatal error has been detected by the Java Runtime Environment:
#
#  EXCEPTION_ACCESS_VIOLATION (0xc0000005) at pc=0x0000029ec575e755, pid=35808, tid=23800
#
# JRE version: OpenJDK Runtime Environment Temurin-17.0.11+9 (17.0.11+9) (build 17.0.11+9)
# Java VM: OpenJDK 64-Bit Server VM Temurin-17.0.11+9 (17.0.11+9, mixed mode, tiered, compressed oops, compressed class ptrs, parallel gc, windows-amd64)
# Problematic frame:
# J 4529 c1 jdk.internal.module.ServicesCatalog.findServices(Ljava/lang/String;)Ljava/util/List; java.base@17.0.11 (17 bytes) @ 0x0000029ec575e755 [0x0000029ec575e6c0+0x0000000000000095]
#
# No core dump will be written. Minidumps are not enabled by default on client versions of Windows
#
# If you would like to submit a bug report, please visit:
#   https://github.com/adoptium/adoptium-support/issues
#

---------------  S U M M A R Y ------------

Command Line: --add-modules=ALL-SYSTEM --add-opens=java.base/java.util=ALL-UNNAMED --add-opens=java.base/java.lang=ALL-UNNAMED --add-opens=java.base/sun.nio.fs=ALL-UNNAMED -Declipse.application=org.eclipse.jdt.ls.core.id1 -Dosgi.bundles.defaultStartLevel=4 -Declipse.product=org.eclipse.jdt.ls.core.product -Djava.import.generatesMetadataFilesAtProjectRoot=false -DDetectVMInstallationsJob.disabled=true -Dfile.encoding=utf8 -XX:+UseParallelGC -XX:GCTimeRatio=4 -XX:AdaptiveSizePolicyWeight=90 -Dsun.zip.disableMemoryMapping=true -Xmx1G -Xms100m -Xlog:disable -javaagent:c:\Users\brand\.vscode\extensions\redhat.java-1.33.0-win32-x64\lombok\lombok-1.18.33.jar -XX:+HeapDumpOnOutOfMemoryError -XX:HeapDumpPath=c:\Users\brand\AppData\Roaming\Code\User\workspaceStorage\6dd3e36fcf398a72b5673c09ea87f316\redhat.java -Daether.dependencyCollector.impl=bf c:\Users\brand\.vscode\extensions\redhat.java-1.33.0-win32-x64\server\plugins\org.eclipse.equinox.launcher_1.6.900.v20240613-2009.jar -configuration c:\Users\brand\AppData\Roaming\Code\User\globalStorage\redhat.java\1.33.0\config_win -data c:\Users\brand\AppData\Roaming\Code\User\workspaceStorage\6dd3e36fcf398a72b5673c09ea87f316\redhat.java\jdt_ws --pipe=\\.\pipe\lsp-5b9e04e3c3c8d4dcc34c05f0716dcf59-sock

Host: AMD Ryzen 7 7800X3D 8-Core Processor           , 16 cores, 63G,  Windows 11 , 64 bit Build 22621 (10.0.22621.3672)
Time: Tue Aug 13 22:29:05 2024 Mountain Daylight Time elapsed time: 128081.324240 seconds (1d 11h 34m 41s)

---------------  T H R E A D  ---------------

Current thread (0x0000029ee05e3630):  JavaThread "Worker-2: Shutdown..." [_thread_in_Java, id=23800, stack(0x000000d7dce00000,0x000000d7dcf00000)]

Stack: [0x000000d7dce00000,0x000000d7dcf00000],  sp=0x000000d7dcefea00,  free space=1018k
Native frames: (J=compiled Java code, j=interpreted, Vv=VM code, C=native code)
C  0x0000029ec575e755

The last pc belongs to nmethod (printed below).

siginfo: EXCEPTION_ACCESS_VIOLATION (0xc0000005), reading address 0x0000000009be8e10


Registers:
RAX=0x0000029ed6290b80, RBX=0x0000029ed6290b80, RCX=0x00000000c06fd000, RDX=0x0000000009be8e10
RSP=0x000000d7dcefea00, RBP=0x000000d7dcefeab0, RSI=0x000000000000016e, RDI=0x0000000100012668
R8 =0x00000000c066cde8, R9 =0x0000029ed7fc0610, R10=0x00007ffadecc60e0, R11=0x0000029ec575e6e0
R12=0x0000000000000000, R13=0x000000d7dcefea58, R14=0x000000d7dcefead0, R15=0x0000029ee05e3630
RIP=0x0000029ec575e755, EFLAGS=0x0000000000010202


Register to memory mapping:

RIP=0x0000029ec575e755 is at entry_point+149 in (nmethod*)0x0000029ec575e510
Compiled method (c1) 128081327 4529       3       jdk.internal.module.ServicesCatalog::findServices (17 bytes)
 total in heap  [0x0000029ec575e510,0x0000029ec575eab0] = 1440
 relocation     [0x0000029ec575e668,0x0000029ec575e6c0] = 88
 main code      [0x0000029ec575e6c0,0x0000029ec575e9a0] = 736
 stub code      [0x0000029ec575e9a0,0x0000029ec575e9e8] = 72
 metadata       [0x0000029ec575e9e8,0x0000029ec575e9f8] = 16
 scopes data    [0x0000029ec575e9f8,0x0000029ec575ea28] = 48
 scopes pcs     [0x0000029ec575ea28,0x0000029ec575ea98] = 112
 dependencies   [0x0000029ec575ea98,0x0000029ec575eaa0] = 8
 nul chk table  [0x0000029ec575eaa0,0x0000029ec575eab0] = 16
RAX={method} {0x0000029ed6290b88} 'findServices' '(Ljava/lang/String;)Ljava/util/List;' in 'jdk/internal/module/ServicesCatalog'
RBX={method} {0x0000029ed6290b88} 'findServices' '(Ljava/lang/String;)Ljava/util/List;' in 'jdk/internal/module/ServicesCatalog'
RCX=
[error occurred during error reporting (printing register info), id 0xc0000005, EXCEPTION_ACCESS_VIOLATION (0xc0000005) at pc=0x00007ffade7a9a46]

Top of Stack: (sp=0x000000d7dcefea00)
0x000000d7dcefea00:   000000d7dcefea00 0000029ed61767b9
0x000000d7dcefea10:   000000d7dcefea60 0000029ed61773c8
0x000000d7dcefea20:   0000029ed7fcff98 00000000c04723f0
0x000000d7dcefea30:   0000029ed61767c0 0000000000000000
0x000000d7dcefea40:   000000d7dcefeab0 0000029ecc1e9667
0x000000d7dcefea50:   0000029ecc1e9667 00000000c066cde8
0x000000d7dcefea60:   00000000c06fd000 000000d7dcefea68
0x000000d7dcefea70:   0000029ed67e5062 000000d7dcefead0
0x000000d7dcefea80:   0000029ed67e5620 0000029ed7fcfe08
0x000000d7dcefea90:   00000000c0446e28 0000029ed67e5068
0x000000d7dcefeaa0:   000000d7dcefea58 000000d7dcefeac8
0x000000d7dcefeab0:   000000d7dcefeb20 0000029ecc1e9667
0x000000d7dcefeac0:   00000000c06fd000 00000000c0642910
0x000000d7dcefead0:   00000000eb6db740 000000d7dcefead8
0x000000d7dcefeae0:   0000029ed67e5210 000000d7dcefeb80
0x000000d7dcefeaf0:   0000029ed67e5620 0000029ed7fce260
0x000000d7dcefeb00:   00000000c0446e28 0000029ed67e5268
0x000000d7dcefeb10:   000000d7dcefeac8 000000d7dcefeb78
0x000000d7dcefeb20:   000000d7dcefebd8 0000029ecc1e9667
0x000000d7dcefeb30:   0000000000000000 0000000000000000
0x000000d7dcefeb40:   0000000000000000 00000000c0642910
0x000000d7dcefeb50:   00000000eb6db910 00000000eb6db890
0x000000d7dcefeb60:   00000000c0004cc8 00000000c06429a0
0x000000d7dcefeb70:   00000000c08b2e08 00000000c0648c38
0x000000d7dcefeb80:   00000000eb6db740 00000000eb6db740
0x000000d7dcefeb90:   000000d7dcefeb90 0000029ed67e5324
0x000000d7dcefeba0:   000000d7dcefebf8 0000029ed67e5620
0x000000d7dcefebb0:   0000000000000000 00000000c0446e28
0x000000d7dcefebc0:   0000029ed67e5360 000000d7dcefeb78
0x000000d7dcefebd0:   000000d7dcefebf8 000000d7dcefec48
0x000000d7dcefebe0:   0000029ecc1e9a96 0000000000000000
0x000000d7dcefebf0:   0000000000000000 00000000eb6db740 

Instructions: (pc=0x0000029ec575e755)
0x0000029ec575e655:   00 00 00 dc 01 00 00 06 00 00 00 ff ff ff ff ff
0x0000029ec575e665:   ff ff ff 0b 60 21 c0 2d c0 12 c0 30 c0 8e 10 0a
0x0000029ec575e675:   f0 16 24 0b c0 16 c0 26 64 10 c0 8a c0 21 b0 0e
0x0000029ec575e685:   c0 17 64 0a c0 17 64 0a 64 09 64 5e f0 05 80 11
0x0000029ec575e695:   64 29 64 07 00 01 f8 cb fe 05 50 00 c0 0a 64 05
0x0000029ec575e6a5:   64 03 f8 a4 de 30 9a fa 7f 05 70 0e 60 01 f8 2e
0x0000029ec575e6b5:   ff 0e 90 0c 64 00 00 00 00 00 00 44 8b 52 08 49
0x0000029ec575e6c5:   c1 e2 03 4c 3b d0 0f 85 af 2e ad 06 0f 1f 84 00
0x0000029ec575e6d5:   00 00 00 00 0f 1f 80 00 00 00 00 89 84 24 00 90
0x0000029ec575e6e5:   ff ff 55 48 83 ec 40 49 b9 e8 bf fc d7 9e 02 00
0x0000029ec575e6f5:   00 41 8b b1 cc 00 00 00 83 c6 02 41 89 b1 cc 00
0x0000029ec575e705:   00 00 81 e6 fe 07 00 00 83 fe 00 0f 84 f9 01 00
0x0000029ec575e715:   00 8b 52 0c 49 b9 e8 bf fc d7 9e 02 00 00 49 83
0x0000029ec575e725:   81 10 01 00 00 01 49 b9 10 06 fc d7 9e 02 00 00
0x0000029ec575e735:   41 8b b1 cc 00 00 00 83 c6 02 41 89 b1 cc 00 00
0x0000029ec575e745:   00 81 e6 fe ff 1f 00 83 fe 00 0f 84 db 01 00 00
0x0000029ec575e755:   48 3b 02 4c 8b ca 48 be e8 bf fc d7 9e 02 00 00
0x0000029ec575e765:   45 8b 49 08 49 c1 e1 03 4c 3b 8e 30 01 00 00 75
0x0000029ec575e775:   0d 48 83 86 38 01 00 00 01 e9 66 00 00 00 4c 3b
0x0000029ec575e785:   8e 40 01 00 00 75 0d 48 83 86 48 01 00 00 01 e9
0x0000029ec575e795:   50 00 00 00 48 81 be 30 01 00 00 00 00 00 00 75
0x0000029ec575e7a5:   17 4c 89 8e 30 01 00 00 48 c7 86 38 01 00 00 01
0x0000029ec575e7b5:   00 00 00 e9 2c 00 00 00 48 81 be 40 01 00 00 00
0x0000029ec575e7c5:   00 00 00 75 17 4c 89 8e 40 01 00 00 48 c7 86 48
0x0000029ec575e7d5:   01 00 00 01 00 00 00 e9 08 00 00 00 48 83 86 20
0x0000029ec575e7e5:   01 00 00 01 49 b9 a0 29 64 c0 00 00 00 00 66 90
0x0000029ec575e7f5:   48 b8 18 23 05 00 01 00 00 00 e8 bc fa ff ff 48
0x0000029ec575e805:   83 f8 00 75 16 48 bf e8 bf fc d7 9e 02 00 00 80
0x0000029ec575e815:   8f 51 01 00 00 01 e9 dc 00 00 00 48 bb a8 2c 05
0x0000029ec575e825:   00 01 00 00 00 8b 78 08 48 c1 e7 03 48 3b 5f 20
0x0000029ec575e835:   0f 84 1b 00 00 00 48 3b fb 0f 84 12 00 00 00 57
0x0000029ec575e845:   53 e8 b5 97 b7 06 5f 5f 83 ff 00 0f 84 8a 00 00 


Stack slot to memory mapping:
stack at sp + 0 slots: 0x000000d7dcefea00 is pointing into the stack for thread: 0x0000029ee05e3630
stack at sp + 1 slots: 0x0000029ed61767b9 is pointing into metadata
stack at sp + 2 slots: 0x000000d7dcefea60 is pointing into the stack for thread: 0x0000029ee05e3630
stack at sp + 3 slots: 0x0000029ed61773c8 is pointing into metadata
stack at sp + 4 slots: 0x0000029ed7fcff98 is pointing into metadata
stack at sp + 5 slots: 0x00000000c04723f0 is an oop: java.lang.Class 
{0x00000000c04723f0} - klass: 'java/lang/Class'
 - ---- fields (total size 14 words):
 - private volatile transient 'classRedefinedCount' 'I' @12  0
 - private volatile transient 'cachedConstructor' 'Ljava/lang/reflect/Constructor;' @40  NULL (0)
 - private transient 'name' 'Ljava/lang/String;' @44  NULL (0)
 - private transient 'module' 'Ljava/lang/Module;' @48  a 'java/lang/Module'{0x00000000c063c360} (c063c360)
 - private final 'classLoader' 'Ljava/lang/ClassLoader;' @52  NULL (0)
 - private transient 'classData' 'Ljava/lang/Object;' @56  NULL (0)
 - private transient 'packageName' 'Ljava/lang/String;' @60  NULL (0)
 - private final 'componentType' 'Ljava/lang/Class;' @64  NULL (0)
 - private volatile transient 'reflectionData' 'Ljava/lang/ref/SoftReference;' @68  NULL (0)
 - private volatile transient 'genericInfo' 'Lsun/reflect/generics/repository/ClassRepository;' @72  NULL (0)
 - private volatile transient 'enumConstants' '[Ljava/lang/Object;' @76  NULL (0)
 - private volatile transient 'enumConstantDirectory' 'Ljava/util/Map;' @80  NULL (0)
 - private volatile transient 'annotationData' 'Ljava/lang/Class$AnnotationData;' @84  NULL (0)
 - private volatile transient 'annotationType' 'Lsun/reflect/annotation/AnnotationType;' @88  NULL (0)
 - transient 'classValueMap' 'Ljava/lang/ClassValue$ClassValueMap;' @92  NULL (0)
 - signature: Ljava/lang/System$2;
 - fake entry for mirror: 'java/lang/System$2'
 - fake entry for array: NULL
 - fake entry for oop_size: 14
 - fake entry for static_oop_field_count: 0
stack at sp + 6 slots: {method} {0x0000029ed61767c8} 'getServicesCatalog' '(Ljava/lang/ModuleLayer;)Ljdk/internal/module/ServicesCatalog;' in 'java/lang/System$2'
stack at sp + 7 slots: 0x0 is NULL


Compiled method (c1) 128081334 4529       3       jdk.internal.module.ServicesCatalog::findServices (17 bytes)
 total in heap  [0x0000029ec575e510,0x0000029ec575eab0] = 1440
 relocation     [0x0000029ec575e668,0x0000029ec575e6c0] = 88
 main code      [0x0000029ec575e6c0,0x0000029ec575e9a0] = 736
 stub code      [0x0000029ec575e9a0,0x0000029ec575e9e8] = 72
 metadata       [0x0000029ec575e9e8,0x0000029ec575e9f8] = 16
 scopes data    [0x0000029ec575e9f8,0x0000029ec575ea28] = 48
 scopes pcs     [0x0000029ec575ea28,0x0000029ec575ea98] = 112
 dependencies   [0x0000029ec575ea98,0x0000029ec575eaa0] = 8
 nul chk table  [0x0000029ec575eaa0,0x0000029ec575eab0] = 16

[Constant Pool (empty)]

[MachCode]
[Entry Point]
  # {method} {0x0000029ed6290b88} 'findServices' '(Ljava/lang/String;)Ljava/util/List;' in 'jdk/internal/module/ServicesCatalog'
  # this:     rdx:rdx   = 'jdk/internal/module/ServicesCatalog'
  # parm0:    r8:r8     = 'java/lang/String'
  #           [sp+0x50]  (sp of caller)
  0x0000029ec575e6c0: 448b 5208 | 49c1 e203 

  0x0000029ec575e6c8: ;   {runtime_call ic_miss_stub}
  0x0000029ec575e6c8: 4c3b d00f | 85af 2ead | 060f 1f84 | 0000 0000 | 000f 1f80 | 0000 0000 
[Verified Entry Point]
  0x0000029ec575e6e0: 8984 2400 | 90ff ff55 | 4883 ec40 

  0x0000029ec575e6ec: ;   {metadata(method data for {method} {0x0000029ed6290b88} 'findServices' '(Ljava/lang/String;)Ljava/util/List;' in 'jdk/internal/module/ServicesCatalog')}
  0x0000029ec575e6ec: 49b9 e8bf | fcd7 9e02 | 0000 418b | b1cc 0000 | 0083 c602 | 4189 b1cc | 0000 0081 | e6fe 0700 
  0x0000029ec575e70c: 0083 fe00 | 0f84 f901 | 0000 8b52 

  0x0000029ec575e718: ;   {metadata(method data for {method} {0x0000029ed6290b88} 'findServices' '(Ljava/lang/String;)Ljava/util/List;' in 'jdk/internal/module/ServicesCatalog')}
  0x0000029ec575e718: 0c49 b9e8 | bffc d79e | 0200 0049 | 8381 1001 

  0x0000029ec575e728: ;   {metadata(method data for {method} {0x0000029ed60d44d0} 'of' '()Ljava/util/List;' in 'java/util/List')}
  0x0000029ec575e728: 0000 0149 | b910 06fc | d79e 0200 | 0041 8bb1 | cc00 0000 | 83c6 0241 | 89b1 cc00 | 0000 81e6 
  0x0000029ec575e748: feff 1f00 | 83fe 000f | 84db 0100 | 0048 3b02 

  0x0000029ec575e758: ;   {metadata(method data for {method} {0x0000029ed6290b88} 'findServices' '(Ljava/lang/String;)Ljava/util/List;' in 'jdk/internal/module/ServicesCatalog')}
  0x0000029ec575e758: 4c8b ca48 | bee8 bffc | d79e 0200 | 0045 8b49 | 0849 c1e1 | 034c 3b8e | 3001 0000 | 750d 4883 
  0x0000029ec575e778: 8638 0100 | 0001 e966 | 0000 004c | 3b8e 4001 | 0000 750d | 4883 8648 | 0100 0001 | e950 0000 
  0x0000029ec575e798: 0048 81be | 3001 0000 | 0000 0000 | 7517 4c89 | 8e30 0100 | 0048 c786 | 3801 0000 | 0100 0000 
  0x0000029ec575e7b8: e92c 0000 | 0048 81be | 4001 0000 | 0000 0000 | 7517 4c89 | 8e40 0100 | 0048 c786 | 4801 0000 
  0x0000029ec575e7d8: 0100 0000 | e908 0000 | 0048 8386 | 2001 0000 

  0x0000029ec575e7e8: ;   {oop(a 'java/util/ImmutableCollections$ListN'{0x00000000c06429a0})}
  0x0000029ec575e7e8: 0149 b9a0 | 2964 c000 | 0000 0066 | 9048 b818 | 2305 0001 

  0x0000029ec575e7fc: ;   {virtual_call}
  0x0000029ec575e7fc: 0000 00e8 

  0x0000029ec575e800: ; ImmutableOopMap {}
                      ;*invokeinterface getOrDefault {reexecute=0 rethrow=0 return_oop=0}
                      ; - jdk.internal.module.ServicesCatalog::findServices@8
  0x0000029ec575e800: bcfa ffff | 4883 f800 

  0x0000029ec575e808: ;   {metadata(method data for {method} {0x0000029ed6290b88} 'findServices' '(Ljava/lang/String;)Ljava/util/List;' in 'jdk/internal/module/ServicesCatalog')}
  0x0000029ec575e808: 7516 48bf | e8bf fcd7 | 9e02 0000 | 808f 5101 | 0000 01e9 | dc00 0000 

  0x0000029ec575e820: ;   {metadata('java/util/List')}
  0x0000029ec575e820: 48bb a82c | 0500 0100 | 0000 8b78 | 0848 c1e7 | 0348 3b5f | 200f 841b | 0000 0048 | 3bfb 0f84 
  0x0000029ec575e840: 1200 0000 

  0x0000029ec575e844: ;   {runtime_call slow_subtype_check Runtime1 stub}
  0x0000029ec575e844: 5753 e8b5 | 97b7 065f | 5f83 ff00 | 0f84 8a00 

  0x0000029ec575e854: ;   {metadata(method data for {method} {0x0000029ed6290b88} 'findServices' '(Ljava/lang/String;)Ljava/util/List;' in 'jdk/internal/module/ServicesCatalog')}
  0x0000029ec575e854: 0000 48bf | e8bf fcd7 | 9e02 0000 | 8b58 0848 | c1e3 0348 | 3b9f 6801 | 0000 750d | 4883 8770 
  0x0000029ec575e874: 0100 0001 | e97f 0000 | 0048 3b9f | 7801 0000 | 750d 4883 | 8780 0100 | 0001 e969 | 0000 0048 
  0x0000029ec575e894: 81bf 6801 | 0000 0000 | 0000 7517 | 4889 9f68 | 0100 0048 | c787 7001 | 0000 0100 | 0000 e945 
  0x0000029ec575e8b4: 0000 0048 | 81bf 7801 | 0000 0000 | 0000 7517 | 4889 9f78 | 0100 0048 | c787 8001 | 0000 0100 
  0x0000029ec575e8d4: 0000 e921 | 0000 00e9 | 1c00 0000 

  0x0000029ec575e8e0: ;   {metadata(method data for {method} {0x0000029ed6290b88} 'findServices' '(Ljava/lang/String;)Ljava/util/List;' in 'jdk/internal/module/ServicesCatalog')}
  0x0000029ec575e8e0: 48bf e8bf | fcd7 9e02 | 0000 4883 | af58 0100 | 0001 e95f | 0000 00e9 | 0000 0000 | 4883 c440 
  0x0000029ec575e900: ;   {poll_return}
  0x0000029ec575e900: 5d49 3ba7 | 5003 0000 | 0f87 5100 

  0x0000029ec575e90c: ;   {metadata({method} {0x0000029ed6290b88} 'findServices' '(Ljava/lang/String;)Ljava/util/List;' in 'jdk/internal/module/ServicesCatalog')}
  0x0000029ec575e90c: 0000 c349 | ba80 0b29 | d69e 0200 | 004c 8954 | 2408 48c7 | 0424 ffff 

  0x0000029ec575e924: ;   {runtime_call counter_overflow Runtime1 stub}
  0x0000029ec575e924: ffff e855 

  0x0000029ec575e928: ; ImmutableOopMap {rdx=Oop r8=Oop }
                      ;*synchronization entry
                      ; - jdk.internal.module.ServicesCatalog::findServices@-1
  0x0000029ec575e928: cab7 06e9 | e6fd ffff 

  0x0000029ec575e930: ;   {metadata({method} {0x0000029ed60d44d0} 'of' '()Ljava/util/List;' in 'java/util/List')}
  0x0000029ec575e930: 49ba c844 | 0dd6 9e02 | 0000 4c89 | 5424 0848 | c704 24ff 

  0x0000029ec575e944: ;   {runtime_call counter_overflow Runtime1 stub}
  0x0000029ec575e944: ffff ffe8 

  0x0000029ec575e948: ; ImmutableOopMap {r8=Oop rdx=Oop }
                      ;*synchronization entry
                      ; - java.util.List::of@-1
                      ; - jdk.internal.module.ServicesCatalog::findServices@5
  0x0000029ec575e948: 34ca b706 | e904 feff 

  0x0000029ec575e950: ;   {runtime_call throw_null_pointer_exception Runtime1 stub}
  0x0000029ec575e950: ffe8 ca5b 

  0x0000029ec575e954: ; ImmutableOopMap {r8=Oop rdx=Oop }
                      ;*invokeinterface getOrDefault {reexecute=0 rethrow=0 return_oop=0}
                      ; - jdk.internal.module.ServicesCatalog::findServices@8
  0x0000029ec575e954: b706 4889 

  0x0000029ec575e958: ;   {runtime_call throw_class_cast_exception Runtime1 stub}
  0x0000029ec575e958: 0424 e8c1 

  0x0000029ec575e95c: ; ImmutableOopMap {}
                      ;*checkcast {reexecute=0 rethrow=0 return_oop=0}
                      ; - jdk.internal.module.ServicesCatalog::findServices@13
                      ;   {internal_word}
  0x0000029ec575e95c: 8ab7 0649 | ba01 e975 | c59e 0200 | 004d 8997 | 6803 0000 

  0x0000029ec575e970: ;   {runtime_call SafepointBlob}
  0x0000029ec575e970: e90b a3ad | 0690 9049 | 8b87 e003 | 0000 49c7 | 87e0 0300 | 0000 0000 | 0049 c787 | e803 0000 
  0x0000029ec575e990: 0000 0000 | 4883 c440 

  0x0000029ec575e998: ;   {runtime_call unwind_exception Runtime1 stub}
  0x0000029ec575e998: 5de9 627b | ae06 f4f4 
[Stub Code]
  0x0000029ec575e9a0: ;   {no_reloc}
  0x0000029ec575e9a0: 0f1f 4400 

  0x0000029ec575e9a4: ;   {static_stub}
  0x0000029ec575e9a4: 0048 bb00 | 0000 0000 

  0x0000029ec575e9ac: ;   {runtime_call}
  0x0000029ec575e9ac: 0000 00e9 | fbff ffff 
[Exception Handler]
  0x0000029ec575e9b4: ;   {runtime_call handle_exception_from_callee Runtime1 stub}
  0x0000029ec575e9b4: e847 81b7 

  0x0000029ec575e9b8: ;   {external_word}
  0x0000029ec575e9b8: 0648 b930 | 9aa4 defa | 7f00 0048 

  0x0000029ec575e9c4: ;   {runtime_call}
  0x0000029ec575e9c4: 83e4 f049 | ba40 2b6d | defa 7f00 | 0041 ffd2 

  0x0000029ec575e9d4: ;   {section_word}
  0x0000029ec575e9d4: f449 bad5 | e975 c59e | 0200 0041 

  0x0000029ec575e9e0: ;   {runtime_call DeoptimizationBlob}
  0x0000029ec575e9e0: 52e9 3ab7 | ad06 f4f4 
[/MachCode]


---------------  P R O C E S S  ---------------

Threads class SMR info:
_java_thread_list=0x0000029edf1e75d0, length=44, elements={
0x0000029ec2103bb0, 0x0000029ed5f89030, 0x0000029ed5f8e1c0, 0x0000029edb10f310,
0x0000029edb10fbe0, 0x0000029edb1137c0, 0x0000029edb114380, 0x0000029edb11c690,
0x0000029edb11ffc0, 0x0000029edb1208d0, 0x0000029edb221390, 0x0000029edd317d60,
0x0000029eddb7d4c0, 0x0000029eddb7cfb0, 0x0000029eddb7f320, 0x0000029eddb7f830,
0x0000029ede0576c0, 0x0000029ede056ca0, 0x0000029ede0571b0, 0x0000029ede0580e0,
0x0000029ede055350, 0x0000029ede057bd0, 0x0000029ede0520b0, 0x0000029ede054e40,
0x0000029ede0585f0, 0x0000029ede053f10, 0x0000029ede055860, 0x0000029ede0534f0,
0x0000029ede053a00, 0x0000029ede055d70, 0x0000029ede0525c0, 0x0000029ede056280,
0x0000029ede059010, 0x0000029ede051ba0, 0x0000029ede059520, 0x0000029ede052ad0,
0x0000029ee05dfe80, 0x0000029ee05e1ce0, 0x0000029ee05e0390, 0x0000029ee05dcbe0,
0x0000029ee05e0db0, 0x0000029ee05dd0f0, 0x0000029ee05e3630, 0x0000029ee05e17d0
}

Java Threads: ( => current thread )
  0x0000029ec2103bb0 JavaThread "main" [_thread_blocked, id=33836, stack(0x000000d7d7700000,0x000000d7d7800000)]
  0x0000029ed5f89030 JavaThread "Reference Handler" daemon [_thread_blocked, id=35720, stack(0x000000d7d7a00000,0x000000d7d7b00000)]
  0x0000029ed5f8e1c0 JavaThread "Finalizer" daemon [_thread_blocked, id=36364, stack(0x000000d7d7b00000,0x000000d7d7c00000)]
  0x0000029edb10f310 JavaThread "Signal Dispatcher" daemon [_thread_blocked, id=36828, stack(0x000000d7d7c00000,0x000000d7d7d00000)]
  0x0000029edb10fbe0 JavaThread "Attach Listener" daemon [_thread_blocked, id=35892, stack(0x000000d7d7d00000,0x000000d7d7e00000)]
  0x0000029edb1137c0 JavaThread "Service Thread" daemon [_thread_blocked, id=36076, stack(0x000000d7d7e00000,0x000000d7d7f00000)]
  0x0000029edb114380 JavaThread "Monitor Deflation Thread" daemon [_thread_blocked, id=36224, stack(0x000000d7d7f00000,0x000000d7d8000000)]
  0x0000029edb11c690 JavaThread "C2 CompilerThread0" daemon [_thread_blocked, id=36776, stack(0x000000d7d8000000,0x000000d7d8100000)]
  0x0000029edb11ffc0 JavaThread "C1 CompilerThread0" daemon [_thread_blocked, id=35792, stack(0x000000d7d8100000,0x000000d7d8200000)]
  0x0000029edb1208d0 JavaThread "Sweeper thread" daemon [_thread_blocked, id=35796, stack(0x000000d7d8200000,0x000000d7d8300000)]
  0x0000029edb221390 JavaThread "Common-Cleaner" daemon [_thread_blocked, id=24692, stack(0x000000d7d8300000,0x000000d7d8400000)]
  0x0000029edd317d60 JavaThread "Notification Thread" daemon [_thread_blocked, id=36556, stack(0x000000d7d8900000,0x000000d7d8a00000)]
  0x0000029eddb7d4c0 JavaThread "Active Thread: Equinox Container: 26346af4-bd2d-40d8-9bfb-dea4272ccc83" [_thread_blocked, id=35372, stack(0x000000d7d9700000,0x000000d7d9800000)]
  0x0000029eddb7cfb0 JavaThread "Framework Event Dispatcher: Equinox Container: 26346af4-bd2d-40d8-9bfb-dea4272ccc83" daemon [_thread_blocked, id=35496, stack(0x000000d7d8600000,0x000000d7d8700000)]
  0x0000029eddb7f320 JavaThread "Start Level: Equinox Container: 26346af4-bd2d-40d8-9bfb-dea4272ccc83" daemon [_thread_blocked, id=35536, stack(0x000000d7d8700000,0x000000d7d8800000)]
  0x0000029eddb7f830 JavaThread "Refresh Thread: Equinox Container: 26346af4-bd2d-40d8-9bfb-dea4272ccc83" daemon [_thread_blocked, id=35416, stack(0x000000d7d9c00000,0x000000d7d9d00000)]
  0x0000029ede0576c0 JavaThread "Bundle File Closer" daemon [_thread_blocked, id=35316, stack(0x000000d7da700000,0x000000d7da800000)]
  0x0000029ede056ca0 JavaThread "SCR Component Actor" daemon [_thread_blocked, id=25828, stack(0x000000d7d8800000,0x000000d7d8900000)]
  0x0000029ede0571b0 JavaThread "Worker-JM" [_thread_blocked, id=24776, stack(0x000000d7dab00000,0x000000d7dac00000)]
  0x0000029ede0580e0 JavaThread "Worker-0" [_thread_blocked, id=34952, stack(0x000000d7dac00000,0x000000d7dad00000)]
  0x0000029ede055350 JavaThread "Java indexing" daemon [_thread_blocked, id=33844, stack(0x000000d7db300000,0x000000d7db400000)]
  0x0000029ede057bd0 JavaThread "JNA Cleaner" daemon [_thread_blocked, id=35344, stack(0x000000d7db400000,0x000000d7db500000)]
  0x0000029ede0520b0 JavaThread "Thread-2" daemon [_thread_in_native, id=34916, stack(0x000000d7db700000,0x000000d7db800000)]
  0x0000029ede054e40 JavaThread "Thread-3" daemon [_thread_in_native, id=35340, stack(0x000000d7db800000,0x000000d7db900000)]
  0x0000029ede0585f0 JavaThread "Thread-4" daemon [_thread_in_native, id=32472, stack(0x000000d7db900000,0x000000d7dba00000)]
  0x0000029ede053f10 JavaThread "Thread-5" daemon [_thread_in_native, id=35048, stack(0x000000d7dba00000,0x000000d7dbb00000)]
  0x0000029ede055860 JavaThread "Thread-6" daemon [_thread_in_native, id=26452, stack(0x000000d7dbb00000,0x000000d7dbc00000)]
  0x0000029ede0534f0 JavaThread "Thread-7" daemon [_thread_in_native, id=36720, stack(0x000000d7dbc00000,0x000000d7dbd00000)]
  0x0000029ede053a00 JavaThread "Thread-8" daemon [_thread_in_native, id=35924, stack(0x000000d7dbd00000,0x000000d7dbe00000)]
  0x0000029ede055d70 JavaThread "Thread-9" daemon [_thread_in_native, id=35920, stack(0x000000d7dbe00000,0x000000d7dbf00000)]
  0x0000029ede0525c0 JavaThread "Thread-10" daemon [_thread_in_native, id=35868, stack(0x000000d7dbf00000,0x000000d7dc000000)]
  0x0000029ede056280 JavaThread "Thread-11" daemon [_thread_in_native, id=36704, stack(0x000000d7dc000000,0x000000d7dc100000)]
  0x0000029ede059010 JavaThread "Thread-12" daemon [_thread_in_native, id=34284, stack(0x000000d7dc100000,0x000000d7dc200000)]
  0x0000029ede051ba0 JavaThread "Thread-13" daemon [_thread_in_native, id=30984, stack(0x000000d7dc200000,0x000000d7dc300000)]
  0x0000029ede059520 JavaThread "Thread-14" daemon [_thread_in_native, id=29952, stack(0x000000d7dc300000,0x000000d7dc400000)]
  0x0000029ede052ad0 JavaThread "Thread-15" daemon [_thread_in_native, id=36852, stack(0x000000d7dc400000,0x000000d7dc500000)]
  0x0000029ee05dfe80 JavaThread "Thread-16" daemon [_thread_in_native, id=35352, stack(0x000000d7dc500000,0x000000d7dc600000)]
  0x0000029ee05e1ce0 JavaThread "Thread-17" daemon [_thread_in_native, id=33040, stack(0x000000d7dc600000,0x000000d7dc700000)]
  0x0000029ee05e0390 JavaThread "Thread-18" daemon [_thread_in_native, id=22996, stack(0x000000d7dc700000,0x000000d7dc800000)]
  0x0000029ee05dcbe0 JavaThread "pool-2-thread-1" [_thread_blocked, id=35608, stack(0x000000d7dc800000,0x000000d7dc900000)]
  0x0000029ee05e0db0 JavaThread "WorkspaceEventsHandler" [_thread_blocked, id=24812, stack(0x000000d7dc900000,0x000000d7dca00000)]
  0x0000029ee05dd0f0 JavaThread "pool-1-thread-1" [_thread_blocked, id=28780, stack(0x000000d7dca00000,0x000000d7dcb00000)]
=>0x0000029ee05e3630 JavaThread "Worker-2: Shutdown..." [_thread_in_Java, id=23800, stack(0x000000d7dce00000,0x000000d7dcf00000)]
  0x0000029ee05e17d0 JavaThread "pool-3-thread-1" [_thread_blocked, id=33188, stack(0x000000d7d7400000,0x000000d7d7500000)]

Other Threads:
  0x0000029ed5f74110 VMThread "VM Thread" [stack: 0x000000d7d7900000,0x000000d7d7a00000] [id=35648]
  0x0000029edd2f5280 WatcherThread [stack: 0x000000d7d8a00000,0x000000d7d8b00000] [id=35672]
  0x0000029ec21186d0 GCTaskThread "GC Thread#0" [stack: 0x000000d7d7800000,0x000000d7d7900000] [id=35736]
  0x0000029edd88b250 GCTaskThread "GC Thread#1" [stack: 0x000000d7d8c00000,0x000000d7d8d00000] [id=35488]
  0x0000029edd4dec60 GCTaskThread "GC Thread#2" [stack: 0x000000d7d8d00000,0x000000d7d8e00000] [id=844]
  0x0000029edd4def20 GCTaskThread "GC Thread#3" [stack: 0x000000d7d8e00000,0x000000d7d8f00000] [id=19524]
  0x0000029edd4df1e0 GCTaskThread "GC Thread#4" [stack: 0x000000d7d8f00000,0x000000d7d9000000] [id=36260]
  0x0000029edd4df4a0 GCTaskThread "GC Thread#5" [stack: 0x000000d7d9000000,0x000000d7d9100000] [id=31488]
  0x0000029edd9fe270 GCTaskThread "GC Thread#6" [stack: 0x000000d7d9800000,0x000000d7d9900000] [id=35504]
  0x0000029edd9fe530 GCTaskThread "GC Thread#7" [stack: 0x000000d7d9900000,0x000000d7d9a00000] [id=34752]
  0x0000029edf18fc10 GCTaskThread "GC Thread#8" [stack: 0x000000d7d9a00000,0x000000d7d9b00000] [id=35772]
  0x0000029ede91dd30 GCTaskThread "GC Thread#9" [stack: 0x000000d7d9b00000,0x000000d7d9c00000] [id=35688]
  0x0000029ede361d30 GCTaskThread "GC Thread#10" [stack: 0x000000d7da900000,0x000000d7daa00000] [id=35436]
  0x0000029ede9b69c0 GCTaskThread "GC Thread#11" [stack: 0x000000d7daa00000,0x000000d7dab00000] [id=34484]
  0x0000029ede9b6c80 GCTaskThread "GC Thread#12" [stack: 0x000000d7daf00000,0x000000d7db000000] [id=5480]

Threads with active compile tasks:

VM state: not at safepoint (normal execution)

VM Mutex/Monitor currently owned by a thread: None

Heap address: 0x00000000c0000000, size: 1024 MB, Compressed Oops mode: 32-bit

CDS archive(s) not mapped
Compressed class space mapped at: 0x0000000100000000-0x0000000140000000, reserved size: 1073741824
Narrow klass base: 0x0000000000000000, Narrow klass shift: 3, Narrow klass range: 0x140000000

GC Precious Log:
 CPUs: 16 total, 16 available
 Memory: 64661M
 Large Page Support: Disabled
 NUMA Support: Disabled
 Compressed Oops: Enabled (32-bit)
 Alignments: Space 512K, Generation 512K, Heap 2M
 Heap Min Capacity: 100M
 Heap Initial Capacity: 100M
 Heap Max Capacity: 1G
 Pre-touch: Disabled
 Parallel Workers: 13

Heap:
 PSYoungGen      total 22016K, used 13199K [0x00000000eab00000, 0x00000000ec800000, 0x0000000100000000)
  eden space 20480K, 59% used [0x00000000eab00000,0x00000000eb6dbda0,0x00000000ebf00000)
  from space 1536K, 68% used [0x00000000ec680000,0x00000000ec788000,0x00000000ec800000)
  to   space 3584K, 0% used [0x00000000ec100000,0x00000000ec100000,0x00000000ec480000)
 ParOldGen       total 68608K, used 30966K [0x00000000c0000000, 0x00000000c4300000, 0x00000000eab00000)
  object space 68608K, 45% used [0x00000000c0000000,0x00000000c1e3db50,0x00000000c4300000)
 Metaspace       used 57310K, committed 58304K, reserved 1114112K
  class space    used 6219K, committed 6656K, reserved 1048576K

Card table byte_map: [0x0000029ec1ac0000,0x0000029ec1cd0000] _byte_map_base: 0x0000029ec14c0000

Marking Bits: (ParMarkBitMap*) 0x00007ffadecbd820
 Begin Bits: [0x0000029ed3d90000, 0x0000029ed4d90000)
 End Bits:   [0x0000029ed4d90000, 0x0000029ed5d90000)

Polling page: 0x0000029ec18b0000

Metaspace:

Usage:
  Non-class:     49.89 MB used.
      Class:      6.07 MB used.
       Both:     55.97 MB used.

Virtual space:
  Non-class space:       64.00 MB reserved,      50.44 MB ( 79%) committed,  1 nodes.
      Class space:        1.00 GB reserved,       6.50 MB ( <1%) committed,  1 nodes.
             Both:        1.06 GB reserved,      56.94 MB (  5%) committed. 

Chunk freelists:
   Non-Class:  13.33 MB
       Class:  9.52 MB
        Both:  22.85 MB

MaxMetaspaceSize: unlimited
CompressedClassSpaceSize: 1.00 GB
Initial GC threshold: 21.00 MB
Current GC threshold: 58.38 MB
CDS: off
MetaspaceReclaimPolicy: balanced
 - commit_granule_bytes: 65536.
 - commit_granule_words: 8192.
 - virtual_space_node_default_size: 8388608.
 - enlarge_chunks_in_place: 1.
 - new_chunks_are_fully_committed: 0.
 - uncommit_free_chunks: 1.
 - use_allocation_guard: 0.
 - handle_deallocations: 1.


Internal statistics:

num_allocs_failed_limit: 6.
num_arena_births: 570.
num_arena_deaths: 14.
num_vsnodes_births: 2.
num_vsnodes_deaths: 0.
num_space_committed: 911.
num_space_uncommitted: 0.
num_chunks_returned_to_freelist: 20.
num_chunks_taken_from_freelist: 2462.
num_chunk_merges: 10.
num_chunk_splits: 1603.
num_chunks_enlarged: 1081.
num_inconsistent_stats: 0.

CodeHeap 'non-profiled nmethods': size=119168Kb used=4545Kb max_used=4545Kb free=114622Kb
 bounds [0x0000029ecc930000, 0x0000029eccdb0000, 0x0000029ed3d90000]
CodeHeap 'profiled nmethods': size=119104Kb used=15112Kb max_used=15112Kb free=103992Kb
 bounds [0x0000029ec4d90000, 0x0000029ec5c60000, 0x0000029ecc1e0000]
CodeHeap 'non-nmethods': size=7488Kb used=1352Kb max_used=3124Kb free=6135Kb
 bounds [0x0000029ecc1e0000, 0x0000029ecc510000, 0x0000029ecc930000]
 total_blobs=7668 nmethods=6992 adapters=590
 compilation: enabled
              stopped_count=0, restarted_count=0
 full_count=0

Compilation events (20 events):
Event: 114975.400 Thread 0x0000029edb11ffc0 nmethod 7776 0x0000029ec5c44110 code [0x0000029ec5c44300, 0x0000029ec5c44a98]
Event: 118575.567 Thread 0x0000029edb11ffc0 7777       3       java.math.BigInteger::<init> (77 bytes)
Event: 118575.567 Thread 0x0000029edb11ffc0 nmethod 7777 0x0000029ec5c44d90 code [0x0000029ec5c44f40, 0x0000029ec5c45358]
Event: 118575.567 Thread 0x0000029edb11ffc0 7778       3       org.eclipse.core.runtime.ListenerList::<init> (43 bytes)
Event: 118575.568 Thread 0x0000029edb11ffc0 nmethod 7778 0x0000029ec5c45490 code [0x0000029ec5c45640, 0x0000029ec5c45968]
Event: 124875.826 Thread 0x0000029edb11ffc0 7779       3       org.eclipse.core.runtime.jobs.Job::getPriority (5 bytes)
Event: 124875.826 Thread 0x0000029edb11ffc0 nmethod 7779 0x0000029ec5c45a90 code [0x0000029ec5c45c20, 0x0000029ec5c45d38]
Event: 126675.886 Thread 0x0000029edb11ffc0 7780   !   3       org.eclipse.core.internal.jobs.InternalJob::setRunCanceled (43 bytes)
Event: 126675.886 Thread 0x0000029edb11ffc0 nmethod 7780 0x0000029ec5c45e10 code [0x0000029ec5c45fa0, 0x0000029ec5c461f8]
Event: 126675.886 Thread 0x0000029edb11ffc0 7781       3       org.eclipse.core.internal.jobs.JobQueue::enqueue (83 bytes)
Event: 126675.887 Thread 0x0000029edb11ffc0 nmethod 7781 0x0000029ec5c46310 code [0x0000029ec5c46560, 0x0000029ec5c46e08]
Event: 128081.319 Thread 0x0000029edb11ffc0 7782       3       java.lang.invoke.BoundMethodHandle$SpeciesData::extendWith (62 bytes)
Event: 128081.319 Thread 0x0000029edb11ffc0 nmethod 7782 0x0000029ec5c47190 code [0x0000029ec5c47400, 0x0000029ec5c47df8]
Event: 128081.319 Thread 0x0000029edb11ffc0 7783       1       java.lang.invoke.ClassSpecializer$SpeciesData::getterFunctions (5 bytes)
Event: 128081.319 Thread 0x0000029edb11ffc0 nmethod 7783 0x0000029eccda0390 code [0x0000029eccda0520, 0x0000029eccda05f8]
Event: 128081.319 Thread 0x0000029edb11ffc0 7784   !   3       java.lang.invoke.LambdaForm::compileToBytecode (164 bytes)
Event: 128081.320 Thread 0x0000029edb11ffc0 nmethod 7784 0x0000029ec5c48190 code [0x0000029ec5c483e0, 0x0000029ec5c48c18]
Event: 128081.320 Thread 0x0000029edb11ffc0 7785       3       java.lang.invoke.LambdaForm::methodType (48 bytes)
Event: 128081.320 Thread 0x0000029edb11ffc0 nmethod 7785 0x0000029ec5c48f10 code [0x0000029ec5c49100, 0x0000029ec5c49698]
Event: 128081.322 Thread 0x0000029edb11ffc0 7786   !   3       org.eclipse.osgi.internal.framework.BundleContextImpl::dispatchEvent (558 bytes)

GC Heap History (20 events):
Event: 5.659 GC heap before
{Heap before GC invocations=17 (full 2):
 PSYoungGen      total 23040K, used 23008K [0x00000000eab00000, 0x00000000ec600000, 0x0000000100000000)
  eden space 22016K, 100% used [0x00000000eab00000,0x00000000ec080000,0x00000000ec080000)
  from space 1024K, 96% used [0x00000000ec500000,0x00000000ec5f8000,0x00000000ec600000)
  to   space 1024K, 0% used [0x00000000ec400000,0x00000000ec400000,0x00000000ec500000)
 ParOldGen       total 68608K, used 16042K [0x00000000c0000000, 0x00000000c4300000, 0x00000000eab00000)
  object space 68608K, 23% used [0x00000000c0000000,0x00000000c0faaae8,0x00000000c4300000)
 Metaspace       used 42820K, committed 43648K, reserved 1114112K
  class space    used 4414K, committed 4800K, reserved 1048576K
}
Event: 5.661 GC heap after
{Heap after GC invocations=17 (full 2):
 PSYoungGen      total 23040K, used 704K [0x00000000eab00000, 0x00000000ec580000, 0x0000000100000000)
  eden space 22016K, 0% used [0x00000000eab00000,0x00000000eab00000,0x00000000ec080000)
  from space 1024K, 68% used [0x00000000ec400000,0x00000000ec4b0000,0x00000000ec500000)
  to   space 512K, 0% used [0x00000000ec500000,0x00000000ec500000,0x00000000ec580000)
 ParOldGen       total 68608K, used 16886K [0x00000000c0000000, 0x00000000c4300000, 0x00000000eab00000)
  object space 68608K, 24% used [0x00000000c0000000,0x00000000c107d9e8,0x00000000c4300000)
 Metaspace       used 42820K, committed 43648K, reserved 1114112K
  class space    used 4414K, committed 4800K, reserved 1048576K
}
Event: 5.854 GC heap before
{Heap before GC invocations=18 (full 2):
 PSYoungGen      total 23040K, used 22720K [0x00000000eab00000, 0x00000000ec580000, 0x0000000100000000)
  eden space 22016K, 100% used [0x00000000eab00000,0x00000000ec080000,0x00000000ec080000)
  from space 1024K, 68% used [0x00000000ec400000,0x00000000ec4b0000,0x00000000ec500000)
  to   space 512K, 0% used [0x00000000ec500000,0x00000000ec500000,0x00000000ec580000)
 ParOldGen       total 68608K, used 16886K [0x00000000c0000000, 0x00000000c4300000, 0x00000000eab00000)
  object space 68608K, 24% used [0x00000000c0000000,0x00000000c107d9e8,0x00000000c4300000)
 Metaspace       used 44897K, committed 45696K, reserved 1114112K
  class space    used 4693K, committed 5056K, reserved 1048576K
}
Event: 5.855 GC heap after
{Heap after GC invocations=18 (full 2):
 PSYoungGen      total 22528K, used 500K [0x00000000eab00000, 0x00000000ec580000, 0x0000000100000000)
  eden space 22016K, 0% used [0x00000000eab00000,0x00000000eab00000,0x00000000ec080000)
  from space 512K, 97% used [0x00000000ec500000,0x00000000ec57d310,0x00000000ec580000)
  to   space 1536K, 0% used [0x00000000ec280000,0x00000000ec280000,0x00000000ec400000)
 ParOldGen       total 68608K, used 17526K [0x00000000c0000000, 0x00000000c4300000, 0x00000000eab00000)
  object space 68608K, 25% used [0x00000000c0000000,0x00000000c111d9f8,0x00000000c4300000)
 Metaspace       used 44897K, committed 45696K, reserved 1114112K
  class space    used 4693K, committed 5056K, reserved 1048576K
}
Event: 6.041 GC heap before
{Heap before GC invocations=19 (full 2):
 PSYoungGen      total 22528K, used 22516K [0x00000000eab00000, 0x00000000ec580000, 0x0000000100000000)
  eden space 22016K, 100% used [0x00000000eab00000,0x00000000ec080000,0x00000000ec080000)
  from space 512K, 97% used [0x00000000ec500000,0x00000000ec57d310,0x00000000ec580000)
  to   space 1536K, 0% used [0x00000000ec280000,0x00000000ec280000,0x00000000ec400000)
 ParOldGen       total 68608K, used 17526K [0x00000000c0000000, 0x00000000c4300000, 0x00000000eab00000)
  object space 68608K, 25% used [0x00000000c0000000,0x00000000c111d9f8,0x00000000c4300000)
 Metaspace       used 47507K, committed 48320K, reserved 1114112K
  class space    used 5024K, committed 5376K, reserved 1048576K
}
Event: 6.041 GC heap after
{Heap after GC invocations=19 (full 2):
 PSYoungGen      total 23552K, used 1344K [0x00000000eab00000, 0x00000000ec580000, 0x0000000100000000)
  eden space 22016K, 0% used [0x00000000eab00000,0x00000000eab00000,0x00000000ec080000)
  from space 1536K, 87% used [0x00000000ec280000,0x00000000ec3d0000,0x00000000ec400000)
  to   space 1536K, 0% used [0x00000000ec400000,0x00000000ec400000,0x00000000ec580000)
 ParOldGen       total 68608K, used 18006K [0x00000000c0000000, 0x00000000c4300000, 0x00000000eab00000)
  object space 68608K, 26% used [0x00000000c0000000,0x00000000c11959f8,0x00000000c4300000)
 Metaspace       used 47507K, committed 48320K, reserved 1114112K
  class space    used 5024K, committed 5376K, reserved 1048576K
}
Event: 6.218 GC heap before
{Heap before GC invocations=20 (full 2):
 PSYoungGen      total 23552K, used 23342K [0x00000000eab00000, 0x00000000ec580000, 0x0000000100000000)
  eden space 22016K, 99% used [0x00000000eab00000,0x00000000ec07b810,0x00000000ec080000)
  from space 1536K, 87% used [0x00000000ec280000,0x00000000ec3d0000,0x00000000ec400000)
  to   space 1536K, 0% used [0x00000000ec400000,0x00000000ec400000,0x00000000ec580000)
 ParOldGen       total 68608K, used 18006K [0x00000000c0000000, 0x00000000c4300000, 0x00000000eab00000)
  object space 68608K, 26% used [0x00000000c0000000,0x00000000c11959f8,0x00000000c4300000)
 Metaspace       used 50163K, committed 51072K, reserved 1114112K
  class space    used 5371K, committed 5760K, reserved 1048576K
}
Event: 6.219 GC heap after
{Heap after GC invocations=20 (full 2):
 PSYoungGen      total 23552K, used 1523K [0x00000000eab00000, 0x00000000ec680000, 0x0000000100000000)
  eden space 22016K, 0% used [0x00000000eab00000,0x00000000eab00000,0x00000000ec080000)
  from space 1536K, 99% used [0x00000000ec400000,0x00000000ec57cdb0,0x00000000ec580000)
  to   space 3072K, 0% used [0x00000000ec080000,0x00000000ec080000,0x00000000ec380000)
 ParOldGen       total 68608K, used 19286K [0x00000000c0000000, 0x00000000c4300000, 0x00000000eab00000)
  object space 68608K, 28% used [0x00000000c0000000,0x00000000c12d5a18,0x00000000c4300000)
 Metaspace       used 50163K, committed 51072K, reserved 1114112K
  class space    used 5371K, committed 5760K, reserved 1048576K
}
Event: 6.423 GC heap before
{Heap before GC invocations=21 (full 2):
 PSYoungGen      total 23552K, used 23539K [0x00000000eab00000, 0x00000000ec680000, 0x0000000100000000)
  eden space 22016K, 100% used [0x00000000eab00000,0x00000000ec080000,0x00000000ec080000)
  from space 1536K, 99% used [0x00000000ec400000,0x00000000ec57cdb0,0x00000000ec580000)
  to   space 3072K, 0% used [0x00000000ec080000,0x00000000ec080000,0x00000000ec380000)
 ParOldGen       total 68608K, used 19286K [0x00000000c0000000, 0x00000000c4300000, 0x00000000eab00000)
  object space 68608K, 28% used [0x00000000c0000000,0x00000000c12d5a18,0x00000000c4300000)
 Metaspace       used 53270K, committed 54208K, reserved 1114112K
  class space    used 5751K, committed 6208K, reserved 1048576K
}
Event: 6.424 GC heap after
{Heap after GC invocations=21 (full 2):
 PSYoungGen      total 24576K, used 2053K [0x00000000eab00000, 0x00000000ec580000, 0x0000000100000000)
  eden space 22016K, 0% used [0x00000000eab00000,0x00000000eab00000,0x00000000ec080000)
  from space 2560K, 80% used [0x00000000ec080000,0x00000000ec281678,0x00000000ec300000)
  to   space 2560K, 0% used [0x00000000ec300000,0x00000000ec300000,0x00000000ec580000)
 ParOldGen       total 68608K, used 20765K [0x00000000c0000000, 0x00000000c4300000, 0x00000000eab00000)
  object space 68608K, 30% used [0x00000000c0000000,0x00000000c1447430,0x00000000c4300000)
 Metaspace       used 53270K, committed 54208K, reserved 1114112K
  class space    used 5751K, committed 6208K, reserved 1048576K
}
Event: 7.137 GC heap before
{Heap before GC invocations=22 (full 2):
 PSYoungGen      total 24576K, used 24062K [0x00000000eab00000, 0x00000000ec580000, 0x0000000100000000)
  eden space 22016K, 99% used [0x00000000eab00000,0x00000000ec07e198,0x00000000ec080000)
  from space 2560K, 80% used [0x00000000ec080000,0x00000000ec281678,0x00000000ec300000)
  to   space 2560K, 0% used [0x00000000ec300000,0x00000000ec300000,0x00000000ec580000)
 ParOldGen       total 68608K, used 20765K [0x00000000c0000000, 0x00000000c4300000, 0x00000000eab00000)
  object space 68608K, 30% used [0x00000000c0000000,0x00000000c1447430,0x00000000c4300000)
 Metaspace       used 55433K, committed 56448K, reserved 1114112K
  class space    used 6031K, committed 6464K, reserved 1048576K
}
Event: 7.138 GC heap after
{Heap after GC invocations=22 (full 2):
 PSYoungGen      total 24576K, used 2098K [0x00000000eab00000, 0x00000000ec580000, 0x0000000100000000)
  eden space 22016K, 0% used [0x00000000eab00000,0x00000000eab00000,0x00000000ec080000)
  from space 2560K, 81% used [0x00000000ec300000,0x00000000ec50c938,0x00000000ec580000)
  to   space 2560K, 0% used [0x00000000ec080000,0x00000000ec080000,0x00000000ec300000)
 ParOldGen       total 68608K, used 22602K [0x00000000c0000000, 0x00000000c4300000, 0x00000000eab00000)
  object space 68608K, 32% used [0x00000000c0000000,0x00000000c1612878,0x00000000c4300000)
 Metaspace       used 55433K, committed 56448K, reserved 1114112K
  class space    used 6031K, committed 6464K, reserved 1048576K
}
Event: 7.434 GC heap before
{Heap before GC invocations=23 (full 2):
 PSYoungGen      total 24576K, used 24114K [0x00000000eab00000, 0x00000000ec580000, 0x0000000100000000)
  eden space 22016K, 100% used [0x00000000eab00000,0x00000000ec080000,0x00000000ec080000)
  from space 2560K, 81% used [0x00000000ec300000,0x00000000ec50c938,0x00000000ec580000)
  to   space 2560K, 0% used [0x00000000ec080000,0x00000000ec080000,0x00000000ec300000)
 ParOldGen       total 68608K, used 22602K [0x00000000c0000000, 0x00000000c4300000, 0x00000000eab00000)
  object space 68608K, 32% used [0x00000000c0000000,0x00000000c1612878,0x00000000c4300000)
 Metaspace       used 55574K, committed 56576K, reserved 1114112K
  class space    used 6036K, committed 6464K, reserved 1048576K
}
Event: 7.435 GC heap after
{Heap after GC invocations=23 (full 2):
 PSYoungGen      total 23552K, used 1088K [0x00000000eab00000, 0x00000000ec380000, 0x0000000100000000)
  eden space 22016K, 0% used [0x00000000eab00000,0x00000000eab00000,0x00000000ec080000)
  from space 1536K, 70% used [0x00000000ec080000,0x00000000ec190000,0x00000000ec200000)
  to   space 1536K, 0% used [0x00000000ec200000,0x00000000ec200000,0x00000000ec380000)
 ParOldGen       total 68608K, used 24481K [0x00000000c0000000, 0x00000000c4300000, 0x00000000eab00000)
  object space 68608K, 35% used [0x00000000c0000000,0x00000000c17e85d8,0x00000000c4300000)
 Metaspace       used 55574K, committed 56576K, reserved 1114112K
  class space    used 6036K, committed 6464K, reserved 1048576K
}
Event: 7.466 GC heap before
{Heap before GC invocations=24 (full 2):
 PSYoungGen      total 23552K, used 23104K [0x00000000eab00000, 0x00000000ec380000, 0x0000000100000000)
  eden space 22016K, 100% used [0x00000000eab00000,0x00000000ec080000,0x00000000ec080000)
  from space 1536K, 70% used [0x00000000ec080000,0x00000000ec190000,0x00000000ec200000)
  to   space 1536K, 0% used [0x00000000ec200000,0x00000000ec200000,0x00000000ec380000)
 ParOldGen       total 68608K, used 24481K [0x00000000c0000000, 0x00000000c4300000, 0x00000000eab00000)
  object space 68608K, 35% used [0x00000000c0000000,0x00000000c17e85d8,0x00000000c4300000)
 Metaspace       used 55630K, committed 56576K, reserved 1114112K
  class space    used 6043K, committed 6464K, reserved 1048576K
}
Event: 7.466 GC heap after
{Heap after GC invocations=24 (full 2):
 PSYoungGen      total 22016K, used 1520K [0x00000000eab00000, 0x00000000ec680000, 0x0000000100000000)
  eden space 20480K, 0% used [0x00000000eab00000,0x00000000eab00000,0x00000000ebf00000)
  from space 1536K, 98% used [0x00000000ec200000,0x00000000ec37c010,0x00000000ec380000)
  to   space 3072K, 0% used [0x00000000ebf00000,0x00000000ebf00000,0x00000000ec200000)
 ParOldGen       total 68608K, used 25426K [0x00000000c0000000, 0x00000000c4300000, 0x00000000eab00000)
  object space 68608K, 37% used [0x00000000c0000000,0x00000000c18d4aa8,0x00000000c4300000)
 Metaspace       used 55630K, committed 56576K, reserved 1114112K
  class space    used 6043K, committed 6464K, reserved 1048576K
}
Event: 7.478 GC heap before
{Heap before GC invocations=25 (full 2):
 PSYoungGen      total 22016K, used 22000K [0x00000000eab00000, 0x00000000ec680000, 0x0000000100000000)
  eden space 20480K, 99% used [0x00000000eab00000,0x00000000ebeffff0,0x00000000ebf00000)
  from space 1536K, 98% used [0x00000000ec200000,0x00000000ec37c010,0x00000000ec380000)
  to   space 3072K, 0% used [0x00000000ebf00000,0x00000000ebf00000,0x00000000ec200000)
 ParOldGen       total 68608K, used 25426K [0x00000000c0000000, 0x00000000c4300000, 0x00000000eab00000)
  object space 68608K, 37% used [0x00000000c0000000,0x00000000c18d4aa8,0x00000000c4300000)
 Metaspace       used 55634K, committed 56576K, reserved 1114112K
  class space    used 6043K, committed 6464K, reserved 1048576K
}
Event: 7.480 GC heap after
{Heap after GC invocations=25 (full 2):
 PSYoungGen      total 23552K, used 3056K [0x00000000eab00000, 0x00000000ece00000, 0x0000000100000000)
  eden space 20480K, 0% used [0x00000000eab00000,0x00000000eab00000,0x00000000ebf00000)
  from space 3072K, 99% used [0x00000000ebf00000,0x00000000ec1fc018,0x00000000ec200000)
  to   space 7680K, 0% used [0x00000000ec680000,0x00000000ec680000,0x00000000ece00000)
 ParOldGen       total 68608K, used 29214K [0x00000000c0000000, 0x00000000c4300000, 0x00000000eab00000)
  object space 68608K, 42% used [0x00000000c0000000,0x00000000c1c87898,0x00000000c4300000)
 Metaspace       used 55634K, committed 56576K, reserved 1114112K
  class space    used 6043K, committed 6464K, reserved 1048576K
}
Event: 7.758 GC heap before
{Heap before GC invocations=26 (full 2):
 PSYoungGen      total 23552K, used 23536K [0x00000000eab00000, 0x00000000ece00000, 0x0000000100000000)
  eden space 20480K, 100% used [0x00000000eab00000,0x00000000ebf00000,0x00000000ebf00000)
  from space 3072K, 99% used [0x00000000ebf00000,0x00000000ec1fc018,0x00000000ec200000)
  to   space 7680K, 0% used [0x00000000ec680000,0x00000000ec680000,0x00000000ece00000)
 ParOldGen       total 68608K, used 29214K [0x00000000c0000000, 0x00000000c4300000, 0x00000000eab00000)
  object space 68608K, 42% used [0x00000000c0000000,0x00000000c1c87898,0x00000000c4300000)
 Metaspace       used 56408K, committed 57344K, reserved 1114112K
  class space    used 6127K, committed 6528K, reserved 1048576K
}
Event: 7.759 GC heap after
{Heap after GC invocations=26 (full 2):
 PSYoungGen      total 22016K, used 1056K [0x00000000eab00000, 0x00000000ec800000, 0x0000000100000000)
  eden space 20480K, 0% used [0x00000000eab00000,0x00000000eab00000,0x00000000ebf00000)
  from space 1536K, 68% used [0x00000000ec680000,0x00000000ec788000,0x00000000ec800000)
  to   space 3584K, 0% used [0x00000000ec100000,0x00000000ec100000,0x00000000ec480000)
 ParOldGen       total 68608K, used 30966K [0x00000000c0000000, 0x00000000c4300000, 0x00000000eab00000)
  object space 68608K, 45% used [0x00000000c0000000,0x00000000c1e3db50,0x00000000c4300000)
 Metaspace       used 56408K, committed 57344K, reserved 1114112K
  class space    used 6127K, committed 6528K, reserved 1048576K
}

Dll operation events (14 events):
Event: 0.028 Loaded shared library c:\Users\brand\.vscode\extensions\redhat.java-1.33.0-win32-x64\jre\17.0.11-win32-x86_64\bin\java.dll
Event: 0.129 Loaded shared library c:\Users\brand\.vscode\extensions\redhat.java-1.33.0-win32-x64\jre\17.0.11-win32-x86_64\bin\zip.dll
Event: 0.132 Loaded shared library C:\Users\brand\.vscode\extensions\redhat.java-1.33.0-win32-x64\jre\17.0.11-win32-x86_64\bin\instrument.dll
Event: 0.144 Loaded shared library C:\Users\brand\.vscode\extensions\redhat.java-1.33.0-win32-x64\jre\17.0.11-win32-x86_64\bin\net.dll
Event: 0.148 Loaded shared library C:\Users\brand\.vscode\extensions\redhat.java-1.33.0-win32-x64\jre\17.0.11-win32-x86_64\bin\nio.dll
Event: 0.151 Loaded shared library C:\Users\brand\.vscode\extensions\redhat.java-1.33.0-win32-x64\jre\17.0.11-win32-x86_64\bin\zip.dll
Event: 0.161 Loaded shared library C:\Users\brand\.vscode\extensions\redhat.java-1.33.0-win32-x64\jre\17.0.11-win32-x86_64\bin\jimage.dll
Event: 0.197 Loaded shared library c:\Users\brand\.vscode\extensions\redhat.java-1.33.0-win32-x64\jre\17.0.11-win32-x86_64\bin\verify.dll
Event: 2.143 Loaded shared library C:\Users\brand\AppData\Roaming\Code\User\globalStorage\redhat.java\1.33.0\config_win\org.eclipse.equinox.launcher\org.eclipse.equinox.launcher.win32.win32.x86_64_1.2.1100.v20240722-2106\eclipse_11904.dll
Event: 4.504 Loaded shared library C:\Users\brand\.vscode\extensions\redhat.java-1.33.0-win32-x64\jre\17.0.11-win32-x86_64\bin\management.dll
Event: 4.505 Loaded shared library C:\Users\brand\.vscode\extensions\redhat.java-1.33.0-win32-x64\jre\17.0.11-win32-x86_64\bin\management_ext.dll
Event: 5.118 Loaded shared library C:\Users\brand\AppData\Local\Temp\jna-93997959\jna7450297520558896834.dll
Event: 6.350 Loaded shared library C:\Users\brand\.vscode\extensions\redhat.java-1.33.0-win32-x64\jre\17.0.11-win32-x86_64\bin\sunmscapi.dll
Event: 6.396 Loaded shared library C:\Users\brand\.vscode\extensions\redhat.java-1.33.0-win32-x64\jre\17.0.11-win32-x86_64\bin\extnet.dll

Deoptimization events (20 events):
Event: 128078.116 Thread 0x0000029ee05dd0f0 Uncommon trap: trap_request=0x0000002e fr.pc=0x0000029eccd0fb20 relative=0x0000000000000320
Event: 128078.116 Thread 0x0000029ee05dd0f0 Uncommon trap: reason=unloaded action=reinterpret pc=0x0000029eccd0fb20 method=org.eclipse.jdt.ls.core.internal.ConnectionStreamFactory$NamedPipeInputStream.read()I @ 119 c2
Event: 128078.116 Thread 0x0000029ee05dd0f0 DEOPT PACKING pc=0x0000029eccd0fb20 sp=0x000000d7dcafef80
Event: 128078.116 Thread 0x0000029ee05dd0f0 DEOPT UNPACKING pc=0x0000029ecc239ea3 sp=0x000000d7dcafef30 mode 2
Event: 128078.117 Thread 0x0000029ee05dd0f0 Uncommon trap: trap_request=0xffffff45 fr.pc=0x0000029eccd7c914 relative=0x0000000000000274
Event: 128078.117 Thread 0x0000029ee05dd0f0 Uncommon trap: reason=unstable_if action=reinterpret pc=0x0000029eccd7c914 method=java.io.BufferedOutputStream.write([BII)V @ 6 c2
Event: 128078.117 Thread 0x0000029ee05dd0f0 DEOPT PACKING pc=0x0000029eccd7c914 sp=0x000000d7dcafeaa0
Event: 128078.117 Thread 0x0000029ee05dd0f0 DEOPT UNPACKING pc=0x0000029ecc239ea3 sp=0x000000d7dcafea68 mode 2
Event: 128078.117 Thread 0x0000029ee05dd0f0 Uncommon trap: trap_request=0xffffff45 fr.pc=0x0000029eccd8c0d4 relative=0x00000000000002d4
Event: 128078.117 Thread 0x0000029ee05dd0f0 Uncommon trap: reason=unstable_if action=reinterpret pc=0x0000029eccd8c0d4 method=java.util.concurrent.ThreadPoolExecutor.getTask()Ljava/lang/Runnable; @ 62 c2
Event: 128078.117 Thread 0x0000029ee05dd0f0 DEOPT PACKING pc=0x0000029eccd8c0d4 sp=0x000000d7dcaff230
Event: 128078.117 Thread 0x0000029ee05dd0f0 DEOPT UNPACKING pc=0x0000029ecc239ea3 sp=0x000000d7dcaff1c0 mode 2
Event: 128081.300 Thread 0x0000029ee05dcbe0 Uncommon trap: trap_request=0xffffff45 fr.pc=0x0000029eccd9ff08 relative=0x00000000000000c8
Event: 128081.300 Thread 0x0000029ee05dcbe0 Uncommon trap: reason=unstable_if action=reinterpret pc=0x0000029eccd9ff08 method=java.lang.ProcessHandleImpl.get(J)Ljava/util/Optional; @ 29 c2
Event: 128081.300 Thread 0x0000029ee05dcbe0 DEOPT PACKING pc=0x0000029eccd9ff08 sp=0x000000d7dc8feed0
Event: 128081.300 Thread 0x0000029ee05dcbe0 DEOPT UNPACKING pc=0x0000029ecc239ea3 sp=0x000000d7dc8fed68 mode 2
Event: 128081.300 Thread 0x0000029ee05dcbe0 Uncommon trap: trap_request=0xffffff45 fr.pc=0x0000029eccd9e9f8 relative=0x0000000000000058
Event: 128081.300 Thread 0x0000029ee05dcbe0 Uncommon trap: reason=unstable_if action=reinterpret pc=0x0000029eccd9e9f8 method=org.eclipse.jdt.ls.core.internal.ParentProcessWatcher.run()V @ 4 c2
Event: 128081.300 Thread 0x0000029ee05dcbe0 DEOPT PACKING pc=0x0000029eccd9e9f8 sp=0x000000d7dc8fef30
Event: 128081.300 Thread 0x0000029ee05dcbe0 DEOPT UNPACKING pc=0x0000029ecc239ea3 sp=0x000000d7dc8feeb8 mode 2

Classes unloaded (7 events):
Event: 5.062 Thread 0x0000029ed5f74110 Unloading class 0x000000010025b000 'java/lang/invoke/LambdaForm$MH+0x000000010025b000'
Event: 5.062 Thread 0x0000029ed5f74110 Unloading class 0x000000010025ac00 'java/lang/invoke/LambdaForm$MH+0x000000010025ac00'
Event: 5.062 Thread 0x0000029ed5f74110 Unloading class 0x000000010025a800 'java/lang/invoke/LambdaForm$MH+0x000000010025a800'
Event: 5.062 Thread 0x0000029ed5f74110 Unloading class 0x000000010025a400 'java/lang/invoke/LambdaForm$MH+0x000000010025a400'
Event: 5.062 Thread 0x0000029ed5f74110 Unloading class 0x000000010025a000 'java/lang/invoke/LambdaForm$BMH+0x000000010025a000'
Event: 5.062 Thread 0x0000029ed5f74110 Unloading class 0x0000000100259c00 'java/lang/invoke/LambdaForm$DMH+0x0000000100259c00'
Event: 5.062 Thread 0x0000029ed5f74110 Unloading class 0x0000000100254400 'java/lang/invoke/LambdaForm$DMH+0x0000000100254400'

Classes redefined (0 events):
No events

Internal exceptions (20 events):
Event: 7.760 Thread 0x0000029ede054930 Exception <a 'sun/nio/fs/WindowsException'{0x00000000eab136f8}> (0x00000000eab136f8) 
thrown [s\src\hotspot\share\prims\jni.cpp, line 516]
Event: 7.760 Thread 0x0000029ede054930 Exception <a 'sun/nio/fs/WindowsException'{0x00000000eab17298}> (0x00000000eab17298) 
thrown [s\src\hotspot\share\prims\jni.cpp, line 516]
Event: 7.760 Thread 0x0000029ede054930 Exception <a 'sun/nio/fs/WindowsException'{0x00000000eab1b1a0}> (0x00000000eab1b1a0) 
thrown [s\src\hotspot\share\prims\jni.cpp, line 516]
Event: 7.760 Thread 0x0000029ede054930 Exception <a 'sun/nio/fs/WindowsException'{0x00000000eab1ea78}> (0x00000000eab1ea78) 
thrown [s\src\hotspot\share\prims\jni.cpp, line 516]
Event: 7.761 Thread 0x0000029ede054930 Exception <a 'sun/nio/fs/WindowsException'{0x00000000eab21ad8}> (0x00000000eab21ad8) 
thrown [s\src\hotspot\share\prims\jni.cpp, line 516]
Event: 7.761 Thread 0x0000029ede054930 Exception <a 'sun/nio/fs/WindowsException'{0x00000000eab24db0}> (0x00000000eab24db0) 
thrown [s\src\hotspot\share\prims\jni.cpp, line 516]
Event: 7.761 Thread 0x0000029ede054930 Exception <a 'sun/nio/fs/WindowsException'{0x00000000eab2b748}> (0x00000000eab2b748) 
thrown [s\src\hotspot\share\prims\jni.cpp, line 516]
Event: 7.761 Thread 0x0000029ede054930 Exception <a 'sun/nio/fs/WindowsException'{0x00000000eab2ef80}> (0x00000000eab2ef80) 
thrown [s\src\hotspot\share\prims\jni.cpp, line 516]
Event: 7.761 Thread 0x0000029ede054930 Exception <a 'sun/nio/fs/WindowsException'{0x00000000eab328a0}> (0x00000000eab328a0) 
thrown [s\src\hotspot\share\prims\jni.cpp, line 516]
Event: 7.762 Thread 0x0000029ede054930 Exception <a 'sun/nio/fs/WindowsException'{0x00000000eab375c8}> (0x00000000eab375c8) 
thrown [s\src\hotspot\share\prims\jni.cpp, line 516]
Event: 7.762 Thread 0x0000029ede054930 Exception <a 'sun/nio/fs/WindowsException'{0x00000000eab3a750}> (0x00000000eab3a750) 
thrown [s\src\hotspot\share\prims\jni.cpp, line 516]
Event: 7.772 Thread 0x0000029ee05dd0f0 Exception <a 'sun/nio/fs/WindowsException'{0x00000000eac38130}> (0x00000000eac38130) 
thrown [s\src\hotspot\share\prims\jni.cpp, line 516]
Event: 7.772 Thread 0x0000029ee05dd0f0 Exception <a 'sun/nio/fs/WindowsException'{0x00000000eac38788}> (0x00000000eac38788) 
thrown [s\src\hotspot\share\prims\jni.cpp, line 516]
Event: 7.772 Thread 0x0000029ee05dd0f0 Exception <a 'sun/nio/fs/WindowsException'{0x00000000eac3bfd8}> (0x00000000eac3bfd8) 
thrown [s\src\hotspot\share\prims\jni.cpp, line 516]
Event: 7.772 Thread 0x0000029ee05dd0f0 Exception <a 'sun/nio/fs/WindowsException'{0x00000000eac3c630}> (0x00000000eac3c630) 
thrown [s\src\hotspot\share\prims\jni.cpp, line 516]
Event: 7.772 Thread 0x0000029ee05dd0f0 Exception <a 'sun/nio/fs/WindowsException'{0x00000000eac3d338}> (0x00000000eac3d338) 
thrown [s\src\hotspot\share\prims\jni.cpp, line 516]
Event: 7.772 Thread 0x0000029ee05dd0f0 Exception <a 'sun/nio/fs/WindowsException'{0x00000000eac3d970}> (0x00000000eac3d970) 
thrown [s\src\hotspot\share\prims\jni.cpp, line 516]
Event: 7.772 Thread 0x0000029ee05dd0f0 Exception <a 'sun/nio/fs/WindowsException'{0x00000000eac3e510}> (0x00000000eac3e510) 
thrown [s\src\hotspot\share\prims\jni.cpp, line 516]
Event: 7.772 Thread 0x0000029ee05dd0f0 Exception <a 'sun/nio/fs/WindowsException'{0x00000000eac3eb48}> (0x00000000eac3eb48) 
thrown [s\src\hotspot\share\prims\jni.cpp, line 516]
Event: 30.650 Thread 0x0000029eddb7d4c0 Implicit null exception at 0x0000029eccb6d240 to 0x0000029eccb6d844

VM Operations (20 events):
Event: 127494.467 Executing VM operation: HandshakeAllThreads
Event: 127494.467 Executing VM operation: HandshakeAllThreads done
Event: 127554.551 Executing VM operation: HandshakeAllThreads
Event: 127554.551 Executing VM operation: HandshakeAllThreads done
Event: 127614.652 Executing VM operation: HandshakeAllThreads
Event: 127614.652 Executing VM operation: HandshakeAllThreads done
Event: 127734.916 Executing VM operation: HandshakeAllThreads
Event: 127734.916 Executing VM operation: HandshakeAllThreads done
Event: 127795.093 Executing VM operation: HandshakeAllThreads
Event: 127795.093 Executing VM operation: HandshakeAllThreads done
Event: 127855.238 Executing VM operation: HandshakeAllThreads
Event: 127855.238 Executing VM operation: HandshakeAllThreads done
Event: 127975.390 Executing VM operation: HandshakeAllThreads
Event: 127975.390 Executing VM operation: HandshakeAllThreads done
Event: 128035.436 Executing VM operation: HandshakeAllThreads
Event: 128035.436 Executing VM operation: HandshakeAllThreads done
Event: 128078.807 Executing VM operation: Cleanup
Event: 128078.807 Executing VM operation: Cleanup done
Event: 128081.302 Executing VM operation: HandshakeAllThreads
Event: 128081.302 Executing VM operation: HandshakeAllThreads done

Events (20 events):
Event: 8252.288 Thread 0x0000029ee05e12c0 Thread exited: 0x0000029ee05e12c0
Event: 8340.573 Thread 0x0000029ee05e12c0 Thread added: 0x0000029ee05e12c0
Event: 8400.620 Thread 0x0000029ee05e12c0 Thread exited: 0x0000029ee05e12c0
Event: 8466.263 Thread 0x0000029ee05e2c10 Thread added: 0x0000029ee05e2c10
Event: 8526.315 Thread 0x0000029ee05e2c10 Thread exited: 0x0000029ee05e2c10
Event: 8557.496 Thread 0x0000029ee05e12c0 Thread added: 0x0000029ee05e12c0
Event: 8617.538 Thread 0x0000029ee05e12c0 Thread exited: 0x0000029ee05e12c0
Event: 8913.340 Thread 0x0000029ee05df970 Thread added: 0x0000029ee05df970
Event: 8973.402 Thread 0x0000029ee05df970 Thread exited: 0x0000029ee05df970
Event: 9280.658 Thread 0x0000029ee05ddb10 Thread added: 0x0000029ee05ddb10
Event: 9340.706 Thread 0x0000029ee05ddb10 Thread exited: 0x0000029ee05ddb10
Event: 11428.630 Thread 0x0000029ee05e12c0 Thread added: 0x0000029ee05e12c0
Event: 11514.569 Thread 0x0000029ee05e12c0 Thread exited: 0x0000029ee05e12c0
Event: 128078.116 loading class java/nio/channels/ClosedChannelException
Event: 128078.117 loading class java/nio/channels/ClosedChannelException done
Event: 128081.301 loading class java/util/concurrent/Executors$DelegatedScheduledExecutorService
Event: 128081.301 loading class java/util/concurrent/Executors$DelegatedExecutorService
Event: 128081.301 loading class java/util/concurrent/Executors$DelegatedExecutorService done
Event: 128081.301 loading class java/util/concurrent/Executors$DelegatedScheduledExecutorService done
Event: 128081.302 Thread 0x0000029ee05e17d0 Thread added: 0x0000029ee05e17d0


Dynamic libraries:
0x00007ff76e210000 - 0x00007ff76e21e000 	c:\Users\brand\.vscode\extensions\redhat.java-1.33.0-win32-x64\jre\17.0.11-win32-x86_64\bin\java.exe
0x00007ffc4c8d0000 - 0x00007ffc4cae7000 	C:\WINDOWS\SYSTEM32\ntdll.dll
0x00007ffc4bef0000 - 0x00007ffc4bfb4000 	C:\WINDOWS\System32\KERNEL32.DLL
0x00007ffc49cd0000 - 0x00007ffc4a07d000 	C:\WINDOWS\System32\KERNELBASE.dll
0x00007ffc4a080000 - 0x00007ffc4a191000 	C:\WINDOWS\System32\ucrtbase.dll
0x00007ffc16160000 - 0x00007ffc1617b000 	c:\Users\brand\.vscode\extensions\redhat.java-1.33.0-win32-x64\jre\17.0.11-win32-x86_64\bin\VCRUNTIME140.dll
0x00007ffc2bdf0000 - 0x00007ffc2be07000 	c:\Users\brand\.vscode\extensions\redhat.java-1.33.0-win32-x64\jre\17.0.11-win32-x86_64\bin\jli.dll
0x00007ffc4bcc0000 - 0x00007ffc4be6e000 	C:\WINDOWS\System32\USER32.dll
0x00007ffc34340000 - 0x00007ffc345d3000 	C:\WINDOWS\WinSxS\amd64_microsoft.windows.common-controls_6595b64144ccf1df_6.0.22621.3672_none_2713b9d173822955\COMCTL32.dll
0x00007ffc49c00000 - 0x00007ffc49c26000 	C:\WINDOWS\System32\win32u.dll
0x00007ffc4aef0000 - 0x00007ffc4af97000 	C:\WINDOWS\System32\msvcrt.dll
0x00007ffc4c860000 - 0x00007ffc4c889000 	C:\WINDOWS\System32\GDI32.dll
0x00007ffc4a470000 - 0x00007ffc4a589000 	C:\WINDOWS\System32\gdi32full.dll
0x00007ffc4a1a0000 - 0x00007ffc4a23a000 	C:\WINDOWS\System32\msvcp_win.dll
0x00007ffc4c240000 - 0x00007ffc4c271000 	C:\WINDOWS\System32\IMM32.DLL
0x00007ffc3be60000 - 0x00007ffc3be6c000 	c:\Users\brand\.vscode\extensions\redhat.java-1.33.0-win32-x64\jre\17.0.11-win32-x86_64\bin\vcruntime140_1.dll
0x00007ffb92b90000 - 0x00007ffb92c1d000 	c:\Users\brand\.vscode\extensions\redhat.java-1.33.0-win32-x64\jre\17.0.11-win32-x86_64\bin\msvcp140.dll
0x00007ffade120000 - 0x00007ffaded82000 	c:\Users\brand\.vscode\extensions\redhat.java-1.33.0-win32-x64\jre\17.0.11-win32-x86_64\bin\server\jvm.dll
0x00007ffc4c3a0000 - 0x00007ffc4c452000 	C:\WINDOWS\System32\ADVAPI32.dll
0x00007ffc4ae40000 - 0x00007ffc4aee9000 	C:\WINDOWS\System32\sechost.dll
0x00007ffc49ca0000 - 0x00007ffc49cc8000 	C:\WINDOWS\System32\bcrypt.dll
0x00007ffc4c0a0000 - 0x00007ffc4c1b4000 	C:\WINDOWS\System32\RPCRT4.dll
0x00007ffc40c50000 - 0x00007ffc40c84000 	C:\WINDOWS\SYSTEM32\WINMM.dll
0x00007ffc49ac0000 - 0x00007ffc49b0d000 	C:\WINDOWS\SYSTEM32\POWRPROF.dll
0x00007ffc2a370000 - 0x00007ffc2a379000 	C:\WINDOWS\SYSTEM32\WSOCK32.dll
0x00007ffc4c1c0000 - 0x00007ffc4c231000 	C:\WINDOWS\System32\WS2_32.dll
0x00007ffc40010000 - 0x00007ffc4001a000 	C:\WINDOWS\SYSTEM32\VERSION.dll
0x00007ffc49aa0000 - 0x00007ffc49ab3000 	C:\WINDOWS\SYSTEM32\UMPDC.dll
0x00007ffc48b90000 - 0x00007ffc48ba8000 	C:\WINDOWS\SYSTEM32\kernel.appcore.dll
0x00007ffc2f460000 - 0x00007ffc2f46a000 	c:\Users\brand\.vscode\extensions\redhat.java-1.33.0-win32-x64\jre\17.0.11-win32-x86_64\bin\jimage.dll
0x00007ffc3e1f0000 - 0x00007ffc3e422000 	C:\WINDOWS\SYSTEM32\DBGHELP.DLL
0x00007ffc4c470000 - 0x00007ffc4c7f8000 	C:\WINDOWS\System32\combase.dll
0x00007ffc4ba70000 - 0x00007ffc4bb47000 	C:\WINDOWS\System32\OLEAUT32.dll
0x00007ffc24560000 - 0x00007ffc24592000 	C:\WINDOWS\SYSTEM32\dbgcore.DLL
0x00007ffc4a590000 - 0x00007ffc4a60b000 	C:\WINDOWS\System32\bcryptPrimitives.dll
0x00007ffc227b0000 - 0x00007ffc227be000 	c:\Users\brand\.vscode\extensions\redhat.java-1.33.0-win32-x64\jre\17.0.11-win32-x86_64\bin\instrument.dll
0x00007ffc01f20000 - 0x00007ffc01f45000 	c:\Users\brand\.vscode\extensions\redhat.java-1.33.0-win32-x64\jre\17.0.11-win32-x86_64\bin\java.dll
0x00007ffc15d90000 - 0x00007ffc15da8000 	c:\Users\brand\.vscode\extensions\redhat.java-1.33.0-win32-x64\jre\17.0.11-win32-x86_64\bin\zip.dll
0x00007ffc4b200000 - 0x00007ffc4ba5f000 	C:\WINDOWS\System32\SHELL32.dll
0x00007ffc47b00000 - 0x00007ffc483fc000 	C:\WINDOWS\SYSTEM32\windows.storage.dll
0x00007ffc479c0000 - 0x00007ffc47aff000 	C:\WINDOWS\SYSTEM32\wintypes.dll
0x00007ffc4c280000 - 0x00007ffc4c374000 	C:\WINDOWS\System32\SHCORE.dll
0x00007ffc4ab90000 - 0x00007ffc4abee000 	C:\WINDOWS\System32\shlwapi.dll
0x00007ffc49b30000 - 0x00007ffc49b51000 	C:\WINDOWS\SYSTEM32\profapi.dll
0x00007ffc078a0000 - 0x00007ffc078b9000 	C:\Users\brand\.vscode\extensions\redhat.java-1.33.0-win32-x64\jre\17.0.11-win32-x86_64\bin\net.dll
0x00007ffc42a10000 - 0x00007ffc42b46000 	C:\WINDOWS\SYSTEM32\WINHTTP.dll
0x00007ffc49050000 - 0x00007ffc490b9000 	C:\WINDOWS\system32\mswsock.dll
0x00007ffbf94c0000 - 0x00007ffbf94d6000 	C:\Users\brand\.vscode\extensions\redhat.java-1.33.0-win32-x64\jre\17.0.11-win32-x86_64\bin\nio.dll
0x00007ffc21530000 - 0x00007ffc21540000 	c:\Users\brand\.vscode\extensions\redhat.java-1.33.0-win32-x64\jre\17.0.11-win32-x86_64\bin\verify.dll
0x00007ffbb5690000 - 0x00007ffbb56d5000 	C:\Users\brand\AppData\Roaming\Code\User\globalStorage\redhat.java\1.33.0\config_win\org.eclipse.equinox.launcher\org.eclipse.equinox.launcher.win32.win32.x86_64_1.2.1100.v20240722-2106\eclipse_11904.dll
0x00007ffc4b050000 - 0x00007ffc4b1f5000 	C:\WINDOWS\System32\ole32.dll
0x00007ffc17410000 - 0x00007ffc17419000 	C:\Users\brand\.vscode\extensions\redhat.java-1.33.0-win32-x64\jre\17.0.11-win32-x86_64\bin\management.dll
0x00007ffc167b0000 - 0x00007ffc167bb000 	C:\Users\brand\.vscode\extensions\redhat.java-1.33.0-win32-x64\jre\17.0.11-win32-x86_64\bin\management_ext.dll
0x00007ffc4add0000 - 0x00007ffc4add8000 	C:\WINDOWS\System32\PSAPI.DLL
0x00007ffc493a0000 - 0x00007ffc493bb000 	C:\WINDOWS\SYSTEM32\CRYPTSP.dll
0x00007ffc48b50000 - 0x00007ffc48b85000 	C:\WINDOWS\system32\rsaenh.dll
0x00007ffc490f0000 - 0x00007ffc49118000 	C:\WINDOWS\SYSTEM32\USERENV.dll
0x00007ffc49380000 - 0x00007ffc4938c000 	C:\WINDOWS\SYSTEM32\CRYPTBASE.dll
0x00007ffc486a0000 - 0x00007ffc486cd000 	C:\WINDOWS\SYSTEM32\IPHLPAPI.DLL
0x00007ffc4ba60000 - 0x00007ffc4ba69000 	C:\WINDOWS\System32\NSI.dll
0x00007ffc42df0000 - 0x00007ffc42e09000 	C:\WINDOWS\SYSTEM32\dhcpcsvc6.DLL
0x00007ffc42230000 - 0x00007ffc4224f000 	C:\WINDOWS\SYSTEM32\dhcpcsvc.DLL
0x00007ffc486d0000 - 0x00007ffc487c8000 	C:\WINDOWS\SYSTEM32\DNSAPI.dll
0x00007ffb894b0000 - 0x00007ffb894f5000 	C:\Users\brand\AppData\Local\Temp\jna-93997959\jna7450297520558896834.dll
0x00007ffadb410000 - 0x00007ffadb41e000 	C:\Users\brand\.vscode\extensions\redhat.java-1.33.0-win32-x64\jre\17.0.11-win32-x86_64\bin\sunmscapi.dll
0x00007ffc4a300000 - 0x00007ffc4a467000 	C:\WINDOWS\System32\CRYPT32.dll
0x00007ffc49440000 - 0x00007ffc4946e000 	C:\WINDOWS\SYSTEM32\ncrypt.dll
0x00007ffc493f0000 - 0x00007ffc49427000 	C:\WINDOWS\SYSTEM32\NTASN1.dll
0x00007ffc42840000 - 0x00007ffc4284a000 	C:\Windows\System32\rasadhlp.dll
0x00007ffc40500000 - 0x00007ffc40583000 	C:\WINDOWS\System32\fwpuclnt.dll
0x00007ffadb400000 - 0x00007ffadb409000 	C:\Users\brand\.vscode\extensions\redhat.java-1.33.0-win32-x64\jre\17.0.11-win32-x86_64\bin\extnet.dll

dbghelp: loaded successfully - version: 4.0.5 - missing functions: none
symbol engine: initialized successfully - sym options: 0x614 - pdb path: .;c:\Users\brand\.vscode\extensions\redhat.java-1.33.0-win32-x64\jre\17.0.11-win32-x86_64\bin;C:\WINDOWS\SYSTEM32;C:\WINDOWS\WinSxS\amd64_microsoft.windows.common-controls_6595b64144ccf1df_6.0.22621.3672_none_2713b9d173822955;c:\Users\brand\.vscode\extensions\redhat.java-1.33.0-win32-x64\jre\17.0.11-win32-x86_64\bin\server;C:\Users\brand\AppData\Roaming\Code\User\globalStorage\redhat.java\1.33.0\config_win\org.eclipse.equinox.launcher\org.eclipse.equinox.launcher.win32.win32.x86_64_1.2.1100.v20240722-2106;C:\Users\brand\AppData\Local\Temp\jna-93997959

VM Arguments:
jvm_args: --add-modules=ALL-SYSTEM --add-opens=java.base/java.util=ALL-UNNAMED --add-opens=java.base/java.lang=ALL-UNNAMED --add-opens=java.base/sun.nio.fs=ALL-UNNAMED -Declipse.application=org.eclipse.jdt.ls.core.id1 -Dosgi.bundles.defaultStartLevel=4 -Declipse.product=org.eclipse.jdt.ls.core.product -Djava.import.generatesMetadataFilesAtProjectRoot=false -DDetectVMInstallationsJob.disabled=true -Dfile.encoding=utf8 -XX:+UseParallelGC -XX:GCTimeRatio=4 -XX:AdaptiveSizePolicyWeight=90 -Dsun.zip.disableMemoryMapping=true -Xmx1G -Xms100m -Xlog:disable -javaagent:c:\Users\brand\.vscode\extensions\redhat.java-1.33.0-win32-x64\lombok\lombok-1.18.33.jar -XX:+HeapDumpOnOutOfMemoryError -XX:HeapDumpPath=c:\Users\brand\AppData\Roaming\Code\User\workspaceStorage\6dd3e36fcf398a72b5673c09ea87f316\redhat.java -Daether.dependencyCollector.impl=bf 
java_command: c:\Users\brand\.vscode\extensions\redhat.java-1.33.0-win32-x64\server\plugins\org.eclipse.equinox.launcher_1.6.900.v20240613-2009.jar -configuration c:\Users\brand\AppData\Roaming\Code\User\globalStorage\redhat.java\1.33.0\config_win -data c:\Users\brand\AppData\Roaming\Code\User\workspaceStorage\6dd3e36fcf398a72b5673c09ea87f316\redhat.java\jdt_ws --pipe=\\.\pipe\lsp-5b9e04e3c3c8d4dcc34c05f0716dcf59-sock
java_class_path (initial): c:\Users\brand\.vscode\extensions\redhat.java-1.33.0-win32-x64\server\plugins\org.eclipse.equinox.launcher_1.6.900.v20240613-2009.jar
Launcher Type: SUN_STANDARD

[Global flags]
    uintx AdaptiveSizePolicyWeight                 = 90                                        {product} {command line}
     intx CICompilerCount                          = 12                                        {product} {ergonomic}
    uintx GCTimeRatio                              = 4                                         {product} {command line}
     bool HeapDumpOnOutOfMemoryError               = true                                   {manageable} {command line}
    ccstr HeapDumpPath                             = c:\Users\brand\AppData\Roaming\Code\User\workspaceStorage\6dd3e36fcf398a72b5673c09ea87f316\redhat.java         {manageable} {command line}
   size_t InitialHeapSize                          = 104857600                                 {product} {command line}
   size_t MaxHeapSize                              = 1073741824                                {product} {command line}
   size_t MaxNewSize                               = 357564416                                 {product} {ergonomic}
   size_t MinHeapDeltaBytes                        = 524288                                    {product} {ergonomic}
   size_t MinHeapSize                              = 104857600                                 {product} {command line}
   size_t NewSize                                  = 34603008                                  {product} {ergonomic}
    uintx NonNMethodCodeHeapSize                   = 7602480                                {pd product} {ergonomic}
    uintx NonProfiledCodeHeapSize                  = 122027880                              {pd product} {ergonomic}
   size_t OldSize                                  = 70254592                                  {product} {ergonomic}
    uintx ProfiledCodeHeapSize                     = 122027880                              {pd product} {ergonomic}
    uintx ReservedCodeCacheSize                    = 251658240                              {pd product} {ergonomic}
     bool SegmentedCodeCache                       = true                                      {product} {ergonomic}
   size_t SoftMaxHeapSize                          = 1073741824                             {manageable} {ergonomic}
     bool UseCompressedClassPointers               = true                           {product lp64_product} {ergonomic}
     bool UseCompressedOops                        = true                           {product lp64_product} {ergonomic}
     bool UseLargePagesIndividualAllocation        = false                                  {pd product} {ergonomic}
     bool UseParallelGC                            = true                                      {product} {command line}

Logging:
Log output configuration:
 #0: stdout all=off uptime,level,tags
 #1: stderr all=off uptime,level,tags

Environment Variables:
JAVA_HOME=C:\Program Files\Java\jdk-17
PATH=C:\Program Files\Microsoft SDKs\Azure\CLI2\wbin;C:\Program Files\Java\jdk-17\bin;C:\Program Files\Common Files\Oracle\Java\javapath;C:\WINDOWS\system32;C:\WINDOWS;C:\WINDOWS\System32\Wbem;C:\WINDOWS\System32\WindowsPowerShell\v1.0\;C:\WINDOWS\System32\OpenSSH\;C:\Program Files\Java\jdk1.8.0_261\bin;C:\Program Files (x86)\Common Files\Oracle\Java\javapath;C:\Program Files (x86)\NVIDIA Corporation\PhysX\Common;C:\Program Files (x86)\GtkSharp\2.12\bin;C:\Program Files (x86)\Common Files\Acronis\SnapAPI\;C:\Program Files\dotnet\;C:\Program Files\Git LFS;C:\Program Files\Git\cmd;C:\Program Files (x86)\dotnet\;C:\Users\brand\AppData\Roaming\nvm;C:\Program Files\nodejs;C:\Program Files\NVIDIA Corporation\NVIDIA NvDLISR;C:\WINDOWS\system32;C:\WINDOWS;C:\WINDOWS\System32\Wbem;C:\WINDOWS\System32\WindowsPowerShell\v1.0\;C:\WINDOWS\System32\OpenSSH\;C:\Program Files\Java\apache-maven-3.9.8;C:\Program Files\Azure Data Studio\bin;C:\Program Files (x86)\Microsoft SQL Server\160\Tools\Binn\;C:\Program Files\Microsoft SQL Server\160\Tools\Binn\;C:\Program Files\Microsoft SQL Server\Client SDK\ODBC\170\Tools\Binn\;C:\Program Files\Microsoft SQL Server\160\DTS\Binn\;C:\Program Files\PowerShell\7\;C:\Program Files\Java\jdk-17\bin;C:\Program Files\Java\jdk1.8.0_261\bin;C:\Program Files\dotnet\;C:\Users\brand\AppData\Local\Programs\Python\Python311\Scripts\;C:\Users\brand\AppData\Local\Programs\Python\Python311\;C:\Users\brand\AppData\Local\Programs\Python\Python39\Scripts\;C:\Users\brand\AppData\Local\Programs\Python\Python39\;C:\Users\brand\AppData\Local\Microsoft\WindowsApps;C:\Users\brand\.dotnet\tools;C:\Users\brand\AppData\Local\Programs\Microsoft VS Code\bin;C:\Users\brand\AppData\Local\GitHubDesktop\bin;C:\Users\brand\AppData\Roaming\nvm;C:\Program Files\nodejs;C:\Users\brand\AppData\Local\gitkraken\bin;C:\Users\brand\.dotnet\tools;C:\Users\brand\AppData\Local\Microsoft\WindowsApps;C:\Program Files\Java\apache-maven-3.9.8;C:\Program Files\Azure Data Studio\bin;
USERNAME=brand
OS=Windows_NT
PROCESSOR_IDENTIFIER=AMD64 Family 25 Model 97 Stepping 2, AuthenticAMD
TMP=C:\Users\brand\AppData\Local\Temp
TEMP=C:\Users\brand\AppData\Local\Temp



Periodic native trim disabled


---------------  S Y S T E M  ---------------

OS:
 Windows 11 , 64 bit Build 22621 (10.0.22621.3672)
OS uptime: 3 days 13:05 hours
Hyper-V role detected

CPU: total 16 (initial active 16) (16 cores per cpu, 2 threads per core) family 25 model 97 stepping 2 microcode 0x0, cx8, cmov, fxsr, ht, mmx, 3dnowpref, sse, sse2, sse3, ssse3, sse4a, sse4.1, sse4.2, popcnt, lzcnt, tsc, tscinvbit, avx, avx2, aes, erms, clmul, bmi1, bmi2, adx, avx512f, avx512dq, avx512cd, avx512bw, avx512vl, sha, fma, vzeroupper, avx512_vpopcntdq, avx512_vpclmulqdq, avx512_vaes, avx512_vnni, clflush, clflushopt, avx512_vbmi2, avx512_vbmi, hv
Processor Information for all 16 processors :
  Max Mhz: 4201, Current Mhz: 4201, Mhz Limit: 4201

Memory: 4k page, system-wide physical 64661M (50266M free)
TotalPageFile size 68757M (AvailPageFile size 52125M)
current process WorkingSet (physical memory assigned to process): 199M, peak: 269M
current process commit charge ("private bytes"): 297M, peak: 377M

vm_info: OpenJDK 64-Bit Server VM (17.0.11+9) for windows-amd64 JRE (17.0.11+9), built on Apr 17 2024 06:07:48 by "admin" with MS VC++ 16.10 / 16.11 (VS2019)

END.
